{"total": {"lines":{"total":547,"covered":60,"skipped":0,"pct":10.96},"statements":{"total":555,"covered":60,"skipped":0,"pct":10.81},"functions":{"total":62,"covered":12,"skipped":0,"pct":19.35},"branches":{"total":272,"covered":19,"skipped":0,"pct":6.98},"branchesTrue":{"total":0,"covered":0,"skipped":0,"pct":100}}
,"C:\\Users\\Usuário\\Documents\\GitHub\\stellar-stake-house\\backend\\config\\logger.js": {"lines":{"total":63,"covered":19,"skipped":0,"pct":30.15},"functions":{"total":20,"covered":6,"skipped":0,"pct":30},"statements":{"total":65,"covered":19,"skipped":0,"pct":29.23},"branches":{"total":37,"covered":5,"skipped":0,"pct":13.51}}
,"C:\\Users\\Usuário\\Documents\\GitHub\\stellar-stake-house\\backend\\config\\security.js": {"lines":{"total":24,"covered":0,"skipped":0,"pct":0},"functions":{"total":3,"covered":0,"skipped":0,"pct":0},"statements":{"total":25,"covered":0,"skipped":0,"pct":0},"branches":{"total":22,"covered":0,"skipped":0,"pct":0}}
,"C:\\Users\\Usuário\\Documents\\GitHub\\stellar-stake-house\\backend\\middleware\\validation.js": {"lines":{"total":46,"covered":41,"skipped":0,"pct":89.13},"functions":{"total":7,"covered":6,"skipped":0,"pct":85.71},"statements":{"total":48,"covered":41,"skipped":0,"pct":85.41},"branches":{"total":27,"covered":14,"skipped":0,"pct":51.85}}
,"C:\\Users\\Usuário\\Documents\\GitHub\\stellar-stake-house\\backend\\routes\\auth.js": {"lines":{"total":64,"covered":0,"skipped":0,"pct":0},"functions":{"total":3,"covered":0,"skipped":0,"pct":0},"statements":{"total":64,"covered":0,"skipped":0,"pct":0},"branches":{"total":27,"covered":0,"skipped":0,"pct":0}}
,"C:\\Users\\Usuário\\Documents\\GitHub\\stellar-stake-house\\backend\\routes\\history.js": {"lines":{"total":32,"covered":0,"skipped":0,"pct":0},"functions":{"total":1,"covered":0,"skipped":0,"pct":0},"statements":{"total":32,"covered":0,"skipped":0,"pct":0},"branches":{"total":22,"covered":0,"skipped":0,"pct":0}}
,"C:\\Users\\Usuário\\Documents\\GitHub\\stellar-stake-house\\backend\\routes\\rewards.js": {"lines":{"total":65,"covered":0,"skipped":0,"pct":0},"functions":{"total":7,"covered":0,"skipped":0,"pct":0},"statements":{"total":66,"covered":0,"skipped":0,"pct":0},"branches":{"total":28,"covered":0,"skipped":0,"pct":0}}
,"C:\\Users\\Usuário\\Documents\\GitHub\\stellar-stake-house\\backend\\routes\\security.js": {"lines":{"total":65,"covered":0,"skipped":0,"pct":0},"functions":{"total":10,"covered":0,"skipped":0,"pct":0},"statements":{"total":67,"covered":0,"skipped":0,"pct":0},"branches":{"total":24,"covered":0,"skipped":0,"pct":0}}
,"C:\\Users\\Usuário\\Documents\\GitHub\\stellar-stake-house\\backend\\routes\\snapshots.js": {"lines":{"total":41,"covered":0,"skipped":0,"pct":0},"functions":{"total":3,"covered":0,"skipped":0,"pct":0},"statements":{"total":41,"covered":0,"skipped":0,"pct":0},"branches":{"total":20,"covered":0,"skipped":0,"pct":0}}
,"C:\\Users\\Usuário\\Documents\\GitHub\\stellar-stake-house\\backend\\routes\\staking.js": {"lines":{"total":78,"covered":0,"skipped":0,"pct":0},"functions":{"total":5,"covered":0,"skipped":0,"pct":0},"statements":{"total":78,"covered":0,"skipped":0,"pct":0},"branches":{"total":40,"covered":0,"skipped":0,"pct":0}}
,"C:\\Users\\Usuário\\Documents\\GitHub\\stellar-stake-house\\backend\\services\\snapshotService.js": {"lines":{"total":69,"covered":0,"skipped":0,"pct":0},"functions":{"total":3,"covered":0,"skipped":0,"pct":0},"statements":{"total":69,"covered":0,"skipped":0,"pct":0},"branches":{"total":25,"covered":0,"skipped":0,"pct":0}}
}
