{"total": {"lines":{"total":836,"covered":83,"skipped":0,"pct":9.92},"statements":{"total":848,"covered":83,"skipped":0,"pct":9.78},"functions":{"total":84,"covered":13,"skipped":0,"pct":15.47},"branches":{"total":427,"covered":27,"skipped":0,"pct":6.32},"branchesTrue":{"total":0,"covered":0,"skipped":0,"pct":100}}
,"C:\\Users\\Usuário\\Documents\\GitHub\\stellar-stake-house\\backend\\config\\logger.js": {"lines":{"total":63,"covered":19,"skipped":0,"pct":30.15},"functions":{"total":20,"covered":6,"skipped":0,"pct":30},"statements":{"total":65,"covered":19,"skipped":0,"pct":29.23},"branches":{"total":37,"covered":5,"skipped":0,"pct":13.51}}
,"C:\\Users\\Usuário\\Documents\\GitHub\\stellar-stake-house\\backend\\config\\security.js": {"lines":{"total":24,"covered":0,"skipped":0,"pct":0},"functions":{"total":3,"covered":0,"skipped":0,"pct":0},"statements":{"total":25,"covered":0,"skipped":0,"pct":0},"branches":{"total":22,"covered":0,"skipped":0,"pct":0}}
,"C:\\Users\\Usuário\\Documents\\GitHub\\stellar-stake-house\\backend\\middleware\\validation.js": {"lines":{"total":48,"covered":45,"skipped":0,"pct":93.75},"functions":{"total":7,"covered":7,"skipped":0,"pct":100},"statements":{"total":50,"covered":45,"skipped":0,"pct":90},"branches":{"total":27,"covered":18,"skipped":0,"pct":66.66}}
,"C:\\Users\\Usuário\\Documents\\GitHub\\stellar-stake-house\\backend\\routes\\auth.js": {"lines":{"total":73,"covered":0,"skipped":0,"pct":0},"functions":{"total":3,"covered":0,"skipped":0,"pct":0},"statements":{"total":73,"covered":0,"skipped":0,"pct":0},"branches":{"total":32,"covered":0,"skipped":0,"pct":0}}
,"C:\\Users\\Usuário\\Documents\\GitHub\\stellar-stake-house\\backend\\routes\\history.js": {"lines":{"total":32,"covered":0,"skipped":0,"pct":0},"functions":{"total":1,"covered":0,"skipped":0,"pct":0},"statements":{"total":32,"covered":0,"skipped":0,"pct":0},"branches":{"total":22,"covered":0,"skipped":0,"pct":0}}
,"C:\\Users\\Usuário\\Documents\\GitHub\\stellar-stake-house\\backend\\routes\\passkey.js": {"lines":{"total":116,"covered":0,"skipped":0,"pct":0},"functions":{"total":11,"covered":0,"skipped":0,"pct":0},"statements":{"total":116,"covered":0,"skipped":0,"pct":0},"branches":{"total":49,"covered":0,"skipped":0,"pct":0}}
,"C:\\Users\\Usuário\\Documents\\GitHub\\stellar-stake-house\\backend\\routes\\pools.js": {"lines":{"total":162,"covered":0,"skipped":0,"pct":0},"functions":{"total":11,"covered":0,"skipped":0,"pct":0},"statements":{"total":166,"covered":0,"skipped":0,"pct":0},"branches":{"total":101,"covered":0,"skipped":0,"pct":0}}
,"C:\\Users\\Usuário\\Documents\\GitHub\\stellar-stake-house\\backend\\routes\\rewards.js": {"lines":{"total":65,"covered":0,"skipped":0,"pct":0},"functions":{"total":7,"covered":0,"skipped":0,"pct":0},"statements":{"total":66,"covered":0,"skipped":0,"pct":0},"branches":{"total":28,"covered":0,"skipped":0,"pct":0}}
,"C:\\Users\\Usuário\\Documents\\GitHub\\stellar-stake-house\\backend\\routes\\security.js": {"lines":{"total":65,"covered":0,"skipped":0,"pct":0},"functions":{"total":10,"covered":0,"skipped":0,"pct":0},"statements":{"total":67,"covered":0,"skipped":0,"pct":0},"branches":{"total":24,"covered":0,"skipped":0,"pct":0}}
,"C:\\Users\\Usuário\\Documents\\GitHub\\stellar-stake-house\\backend\\routes\\snapshots.js": {"lines":{"total":41,"covered":0,"skipped":0,"pct":0},"functions":{"total":3,"covered":0,"skipped":0,"pct":0},"statements":{"total":41,"covered":0,"skipped":0,"pct":0},"branches":{"total":20,"covered":0,"skipped":0,"pct":0}}
,"C:\\Users\\Usuário\\Documents\\GitHub\\stellar-stake-house\\backend\\routes\\staking.js": {"lines":{"total":78,"covered":19,"skipped":0,"pct":24.35},"functions":{"total":5,"covered":0,"skipped":0,"pct":0},"statements":{"total":78,"covered":19,"skipped":0,"pct":24.35},"branches":{"total":40,"covered":4,"skipped":0,"pct":10}}
,"C:\\Users\\Usuário\\Documents\\GitHub\\stellar-stake-house\\backend\\services\\snapshotService.js": {"lines":{"total":69,"covered":0,"skipped":0,"pct":0},"functions":{"total":3,"covered":0,"skipped":0,"pct":0},"statements":{"total":69,"covered":0,"skipped":0,"pct":0},"branches":{"total":25,"covered":0,"skipped":0,"pct":0}}
}
