TN:
SF:config\logger.js
FN:9,(anonymous_0)
FN:14,(anonymous_1)
FN:20,(anonymous_2)
FN:32,(anonymous_3)
FN:37,(anonymous_4)
FN:51,(anonymous_5)
FN:64,(anonymous_6)
FN:76,(anonymous_7)
FN:87,(anonymous_8)
FN:100,(anonymous_9)
FN:112,(anonymous_10)
FN:127,(anonymous_11)
FN:144,(anonymous_12)
FN:146,(anonymous_13)
FN:177,(anonymous_14)
FN:180,(anonymous_15)
FN:183,(anonymous_16)
FN:186,(anonymous_17)
FN:196,(anonymous_18)
FN:201,(anonymous_19)
FNF:20
FNH:6
FNDA:2,(anonymous_0)
FNDA:2,(anonymous_1)
FNDA:6,(anonymous_2)
FNDA:6,(anonymous_3)
FNDA:6,(anonymous_4)
FNDA:0,(anonymous_5)
FNDA:0,(anonymous_6)
FNDA:0,(anonymous_7)
FNDA:6,(anonymous_8)
FNDA:0,(anonymous_9)
FNDA:0,(anonymous_10)
FNDA:0,(anonymous_11)
FNDA:0,(anonymous_12)
FNDA:0,(anonymous_13)
FNDA:0,(anonymous_14)
FNDA:0,(anonymous_15)
FNDA:0,(anonymous_16)
FNDA:0,(anonymous_17)
FNDA:0,(anonymous_18)
FNDA:0,(anonymous_19)
DA:5,2
DA:6,2
DA:10,2
DA:11,2
DA:15,2
DA:16,0
DA:21,6
DA:22,6
DA:29,6
DA:33,6
DA:34,6
DA:38,6
DA:41,6
DA:42,6
DA:46,6
DA:47,6
DA:52,0
DA:65,0
DA:77,0
DA:88,6
DA:101,0
DA:113,0
DA:128,0
DA:136,0
DA:137,0
DA:138,0
DA:139,0
DA:140,0
DA:142,0
DA:143,0
DA:144,0
DA:146,0
DA:147,0
DA:148,0
DA:150,0
DA:152,0
DA:153,0
DA:154,0
DA:156,0
DA:157,0
DA:158,0
DA:160,0
DA:161,0
DA:162,0
DA:164,0
DA:165,0
DA:166,0
DA:175,0
DA:177,0
DA:180,0
DA:183,0
DA:186,0
DA:193,2
DA:196,2
DA:197,0
DA:200,0
DA:201,0
DA:202,0
DA:205,0
DA:206,0
DA:212,0
DA:215,0
DA:218,2
LF:63
LH:19
BRDA:15,0,0,0
BRDA:15,0,1,2
BRDA:20,1,0,0
BRDA:27,2,0,6
BRDA:27,2,1,0
BRDA:37,3,0,0
BRDA:41,4,0,6
BRDA:41,4,1,0
BRDA:51,5,0,0
BRDA:64,6,0,0
BRDA:76,7,0,0
BRDA:87,8,0,0
BRDA:94,9,0,4
BRDA:94,9,1,2
BRDA:100,10,0,0
BRDA:112,11,0,0
BRDA:112,12,0,0
BRDA:127,13,0,0
BRDA:142,14,0,0
BRDA:142,14,1,0
BRDA:150,15,0,0
BRDA:150,15,1,0
BRDA:150,15,2,0
BRDA:150,15,3,0
BRDA:153,16,0,0
BRDA:153,16,1,0
BRDA:157,17,0,0
BRDA:157,17,1,0
BRDA:161,18,0,0
BRDA:161,18,1,0
BRDA:165,19,0,0
BRDA:165,19,1,0
BRDA:205,20,0,0
BRDA:205,20,1,0
BRDA:205,21,0,0
BRDA:205,21,1,0
BRDA:205,21,2,0
BRF:37
BRH:5
end_of_record
TN:
SF:config\security.js
FN:128,validateSecurityConfig
FN:135,(anonymous_1)
FN:163,getEnvironmentConfig
FNF:3
FNH:0
FNDA:0,validateSecurityConfig
FNDA:0,(anonymous_1)
FNDA:0,getEnvironmentConfig
DA:5,0
DA:129,0
DA:135,0
DA:137,0
DA:138,0
DA:142,0
DA:143,0
DA:147,0
DA:148,0
DA:149,0
DA:152,0
DA:153,0
DA:157,0
DA:164,0
DA:166,0
DA:168,0
DA:169,0
DA:170,0
DA:171,0
DA:173,0
DA:174,0
DA:175,0
DA:178,0
DA:181,0
LF:24
LH:0
BRDA:8,0,0,0
BRDA:8,0,1,0
BRDA:9,1,0,0
BRDA:9,1,1,0
BRDA:93,2,0,0
BRDA:93,2,1,0
BRDA:137,3,0,0
BRDA:137,3,1,0
BRDA:142,4,0,0
BRDA:142,4,1,0
BRDA:142,5,0,0
BRDA:142,5,1,0
BRDA:147,6,0,0
BRDA:147,6,1,0
BRDA:148,7,0,0
BRDA:148,7,1,0
BRDA:152,8,0,0
BRDA:152,8,1,0
BRDA:166,9,0,0
BRDA:166,9,1,0
BRDA:171,10,0,0
BRDA:171,10,1,0
BRF:22
BRH:0
end_of_record
TN:
SF:middleware\validation.js
FN:7,(anonymous_0)
FN:22,(anonymous_1)
FN:165,(anonymous_2)
FN:167,(anonymous_3)
FN:171,(anonymous_4)
FN:185,(anonymous_5)
FN:226,(anonymous_6)
FNF:7
FNH:7
FNDA:10,(anonymous_0)
FNDA:11,(anonymous_1)
FNDA:3,(anonymous_2)
FNDA:7,(anonymous_3)
FNDA:8,(anonymous_4)
FNDA:16,(anonymous_5)
FNDA:2,(anonymous_6)
DA:1,2
DA:2,2
DA:7,2
DA:8,10
DA:9,10
DA:11,6
DA:12,6
DA:20,6
DA:22,11
DA:29,4
DA:35,2
DA:43,2
DA:54,2
DA:64,2
DA:83,2
DA:102,2
DA:121,2
DA:151,2
DA:165,2
DA:167,3
DA:168,7
DA:170,7
DA:172,8
DA:179,8
DA:185,3
DA:186,16
DA:188,16
DA:189,7
DA:192,9
DA:193,0
DA:196,9
DA:197,9
DA:198,9
DA:199,7
DA:201,9
DA:204,0
DA:208,3
DA:209,3
DA:212,3
DA:213,3
DA:216,3
DA:217,3
DA:220,3
DA:226,2
DA:228,2
DA:231,0
DA:234,2
DA:237,2
LF:48
LH:45
BRDA:9,0,0,6
BRDA:9,0,1,4
BRDA:14,1,0,6
BRDA:14,1,1,0
BRDA:168,2,0,0
BRDA:168,2,1,7
BRDA:186,3,0,0
BRDA:186,3,1,16
BRDA:186,4,0,16
BRDA:186,4,1,16
BRDA:188,5,0,7
BRDA:188,5,1,9
BRDA:192,6,0,0
BRDA:192,6,1,9
BRDA:196,7,0,9
BRDA:196,7,1,0
BRDA:208,8,0,3
BRDA:208,8,1,0
BRDA:212,9,0,3
BRDA:212,9,1,0
BRDA:216,10,0,3
BRDA:216,10,1,0
BRDA:228,11,0,0
BRDA:228,11,1,2
BRDA:228,12,0,2
BRDA:228,12,1,2
BRDA:228,12,2,2
BRF:27
BRH:18
end_of_record
TN:
SF:routes\auth.js
FN:16,(anonymous_0)
FN:138,(anonymous_1)
FN:169,(anonymous_2)
FNF:3
FNH:0
FNDA:0,(anonymous_0)
FNDA:0,(anonymous_1)
FNDA:0,(anonymous_2)
DA:1,0
DA:2,0
DA:3,0
DA:4,0
DA:7,0
DA:8,0
DA:9,0
DA:16,0
DA:17,0
DA:18,0
DA:20,0
DA:21,0
DA:25,0
DA:27,0
DA:28,0
DA:30,0
DA:34,0
DA:35,0
DA:39,0
DA:40,0
DA:41,0
DA:43,0
DA:44,0
DA:45,0
DA:47,0
DA:48,0
DA:51,0
DA:52,0
DA:57,0
DA:65,0
DA:67,0
DA:73,0
DA:80,0
DA:81,0
DA:87,0
DA:88,0
DA:89,0
DA:92,0
DA:96,0
DA:103,0
DA:109,0
DA:110,0
DA:111,0
DA:115,0
DA:128,0
DA:129,0
DA:138,0
DA:139,0
DA:140,0
DA:142,0
DA:143,0
DA:147,0
DA:152,0
DA:153,0
DA:154,0
DA:157,0
DA:159,0
DA:160,0
DA:169,0
DA:170,0
DA:171,0
DA:173,0
DA:174,0
DA:178,0
DA:184,0
DA:185,0
DA:189,0
DA:191,0
DA:196,0
DA:200,0
DA:212,0
DA:213,0
DA:217,0
LF:73
LH:0
BRDA:20,0,0,0
BRDA:20,0,1,0
BRDA:20,1,0,0
BRDA:20,1,1,0
BRDA:25,2,0,0
BRDA:25,2,1,0
BRDA:34,3,0,0
BRDA:34,3,1,0
BRDA:51,4,0,0
BRDA:51,4,1,0
BRDA:65,5,0,0
BRDA:65,5,1,0
BRDA:80,6,0,0
BRDA:80,6,1,0
BRDA:80,7,0,0
BRDA:80,7,1,0
BRDA:87,8,0,0
BRDA:87,8,1,0
BRDA:109,9,0,0
BRDA:109,9,1,0
BRDA:142,10,0,0
BRDA:142,10,1,0
BRDA:152,11,0,0
BRDA:152,11,1,0
BRDA:173,12,0,0
BRDA:173,12,1,0
BRDA:184,13,0,0
BRDA:184,13,1,0
BRDA:184,14,0,0
BRDA:184,14,1,0
BRDA:189,15,0,0
BRDA:189,15,1,0
BRF:32
BRH:0
end_of_record
TN:
SF:routes\history.js
FN:26,(anonymous_0)
FNF:1
FNH:0
FNDA:0,(anonymous_0)
DA:1,0
DA:2,0
DA:3,0
DA:10,0
DA:13,0
DA:14,0
DA:15,0
DA:18,0
DA:19,0
DA:26,0
DA:27,0
DA:28,0
DA:29,0
DA:31,0
DA:32,0
DA:36,0
DA:42,0
DA:43,0
DA:47,0
DA:55,0
DA:56,0
DA:60,0
DA:62,0
DA:63,0
DA:64,0
DA:68,0
DA:73,0
DA:74,0
DA:78,0
DA:90,0
DA:91,0
DA:95,0
LF:32
LH:0
BRDA:29,0,0,0
BRDA:29,1,0,0
BRDA:31,2,0,0
BRDA:31,2,1,0
BRDA:42,3,0,0
BRDA:42,3,1,0
BRDA:42,4,0,0
BRDA:42,4,1,0
BRDA:55,5,0,0
BRDA:55,5,1,0
BRDA:62,6,0,0
BRDA:62,6,1,0
BRDA:73,7,0,0
BRDA:73,7,1,0
BRDA:80,8,0,0
BRDA:80,8,1,0
BRDA:81,9,0,0
BRDA:81,9,1,0
BRDA:83,10,0,0
BRDA:83,10,1,0
BRDA:86,11,0,0
BRDA:86,11,1,0
BRF:22
BRH:0
end_of_record
TN:
SF:routes\passkey.js
FN:24,(anonymous_0)
FN:31,(anonymous_1)
FN:41,(anonymous_2)
FN:52,(anonymous_3)
FN:60,(anonymous_4)
FN:72,(anonymous_5)
FN:99,(anonymous_6)
FN:181,(anonymous_7)
FN:271,(anonymous_8)
FN:323,(anonymous_9)
FN:344,(anonymous_10)
FNF:11
FNH:0
FNDA:0,(anonymous_0)
FNDA:0,(anonymous_1)
FNDA:0,(anonymous_2)
FNDA:0,(anonymous_3)
FNDA:0,(anonymous_4)
FNDA:0,(anonymous_5)
FNDA:0,(anonymous_6)
FNDA:0,(anonymous_7)
FNDA:0,(anonymous_8)
FNDA:0,(anonymous_9)
FNDA:0,(anonymous_10)
DA:1,0
DA:2,0
DA:3,0
DA:4,0
DA:5,0
DA:8,0
DA:9,0
DA:10,0
DA:13,0
DA:14,0
DA:15,0
DA:20,0
DA:25,0
DA:32,0
DA:42,0
DA:46,0
DA:53,0
DA:54,0
DA:61,0
DA:62,0
DA:63,0
DA:72,0
DA:73,0
DA:74,0
DA:76,0
DA:77,0
DA:81,0
DA:87,0
DA:89,0
DA:90,0
DA:99,0
DA:100,0
DA:101,0
DA:103,0
DA:104,0
DA:108,0
DA:114,0
DA:115,0
DA:119,0
DA:120,0
DA:123,0
DA:132,0
DA:133,0
DA:142,0
DA:169,0
DA:171,0
DA:172,0
DA:181,0
DA:182,0
DA:183,0
DA:185,0
DA:186,0
DA:190,0
DA:196,0
DA:197,0
DA:200,0
DA:201,0
DA:204,0
DA:206,0
DA:207,0
DA:210,0
DA:211,0
DA:215,0
DA:225,0
DA:226,0
DA:227,0
DA:231,0
DA:241,0
DA:242,0
DA:243,0
DA:247,0
DA:252,0
DA:261,0
DA:262,0
DA:271,0
DA:272,0
DA:273,0
DA:275,0
DA:276,0
DA:280,0
DA:286,0
DA:287,0
DA:291,0
DA:297,0
DA:300,0
DA:308,0
DA:309,0
DA:318,0
DA:323,0
DA:332,0
DA:334,0
DA:335,0
DA:344,0
DA:345,0
DA:346,0
DA:348,0
DA:349,0
DA:353,0
DA:359,0
DA:360,0
DA:363,0
DA:364,0
DA:367,0
DA:369,0
DA:370,0
DA:373,0
DA:374,0
DA:378,0
DA:385,0
DA:386,0
DA:390,0
DA:396,0
DA:401,0
DA:411,0
DA:412,0
DA:416,0
LF:116
LH:0
BRDA:14,0,0,0
BRDA:14,0,1,0
BRDA:15,1,0,0
BRDA:15,1,1,0
BRDA:76,2,0,0
BRDA:76,2,1,0
BRDA:87,3,0,0
BRDA:87,3,1,0
BRDA:103,4,0,0
BRDA:103,4,1,0
BRDA:103,5,0,0
BRDA:103,5,1,0
BRDA:114,6,0,0
BRDA:114,6,1,0
BRDA:152,7,0,0
BRDA:152,7,1,0
BRDA:185,8,0,0
BRDA:185,8,1,0
BRDA:185,9,0,0
BRDA:185,9,1,0
BRDA:185,9,2,0
BRDA:196,10,0,0
BRDA:196,10,1,0
BRDA:206,11,0,0
BRDA:206,11,1,0
BRDA:210,12,0,0
BRDA:210,12,1,0
BRDA:225,13,0,0
BRDA:225,13,1,0
BRDA:241,14,0,0
BRDA:241,14,1,0
BRDA:275,15,0,0
BRDA:275,15,1,0
BRDA:286,16,0,0
BRDA:286,16,1,0
BRDA:286,17,0,0
BRDA:286,17,1,0
BRDA:348,18,0,0
BRDA:348,18,1,0
BRDA:348,19,0,0
BRDA:348,19,1,0
BRDA:359,20,0,0
BRDA:359,20,1,0
BRDA:369,21,0,0
BRDA:369,21,1,0
BRDA:373,22,0,0
BRDA:373,22,1,0
BRDA:385,23,0,0
BRDA:385,23,1,0
BRF:49
BRH:0
end_of_record
TN:
SF:routes\pools.js
FN:36,(anonymous_0)
FN:172,(anonymous_1)
FN:188,(anonymous_2)
FN:228,(anonymous_3)
FN:246,(anonymous_4)
FN:283,(anonymous_5)
FN:316,(anonymous_6)
FN:360,(anonymous_7)
FN:509,(anonymous_8)
FN:584,(anonymous_9)
FN:612,(anonymous_10)
FNF:11
FNH:0
FNDA:0,(anonymous_0)
FNDA:0,(anonymous_1)
FNDA:0,(anonymous_2)
FNDA:0,(anonymous_3)
FNDA:0,(anonymous_4)
FNDA:0,(anonymous_5)
FNDA:0,(anonymous_6)
FNDA:0,(anonymous_7)
FNDA:0,(anonymous_8)
FNDA:0,(anonymous_9)
FNDA:0,(anonymous_10)
DA:1,0
DA:2,0
DA:3,0
DA:4,0
DA:12,0
DA:15,0
DA:16,0
DA:17,0
DA:20,0
DA:21,0
DA:24,0
DA:25,0
DA:28,0
DA:29,0
DA:36,0
DA:37,0
DA:46,0
DA:49,0
DA:50,0
DA:57,0
DA:58,0
DA:63,0
DA:64,0
DA:69,0
DA:70,0
DA:76,0
DA:77,0
DA:80,0
DA:81,0
DA:82,0
DA:84,0
DA:85,0
DA:86,0
DA:88,0
DA:89,0
DA:90,0
DA:91,0
DA:96,0
DA:97,0
DA:102,0
DA:103,0
DA:109,0
DA:129,0
DA:130,0
DA:131,0
DA:137,0
DA:140,0
DA:160,0
DA:161,0
DA:172,0
DA:173,0
DA:174,0
DA:180,0
DA:181,0
DA:182,0
DA:188,0
DA:209,0
DA:216,0
DA:217,0
DA:228,0
DA:229,0
DA:230,0
DA:232,0
DA:238,0
DA:239,0
DA:240,0
DA:246,0
DA:264,0
DA:271,0
DA:272,0
DA:283,0
DA:284,0
DA:285,0
DA:287,0
DA:288,0
DA:293,0
DA:299,0
DA:300,0
DA:306,0
DA:311,0
DA:312,0
DA:316,0
DA:317,0
DA:319,0
DA:342,0
DA:348,0
DA:349,0
DA:360,0
DA:361,0
DA:362,0
DA:363,0
DA:365,0
DA:366,0
DA:372,0
DA:378,0
DA:379,0
DA:384,0
DA:385,0
DA:391,0
DA:392,0
DA:398,0
DA:399,0
DA:400,0
DA:402,0
DA:403,0
DA:404,0
DA:406,0
DA:407,0
DA:408,0
DA:409,0
DA:414,0
DA:415,0
DA:420,0
DA:421,0
DA:427,0
DA:436,0
DA:438,0
DA:448,0
DA:449,0
DA:450,0
DA:455,0
DA:458,0
DA:470,0
DA:471,0
DA:472,0
DA:477,0
DA:481,0
DA:483,0
DA:497,0
DA:498,0
DA:509,0
DA:510,0
DA:511,0
DA:512,0
DA:514,0
DA:515,0
DA:521,0
DA:527,0
DA:528,0
DA:533,0
DA:534,0
DA:540,0
DA:542,0
DA:552,0
DA:553,0
DA:554,0
DA:560,0
DA:562,0
DA:572,0
DA:573,0
DA:584,0
DA:585,0
DA:586,0
DA:588,0
DA:604,0
DA:605,0
DA:606,0
DA:612,0
DA:628,0
DA:635,0
DA:636,0
DA:642,0
LF:162
LH:0
BRDA:20,0,0,0
BRDA:20,0,1,0
BRDA:25,1,0,0
BRDA:25,1,1,0
BRDA:49,2,0,0
BRDA:49,2,1,0
BRDA:49,3,0,0
BRDA:49,3,1,0
BRDA:49,3,2,0
BRDA:49,3,3,0
BRDA:49,3,4,0
BRDA:49,3,5,0
BRDA:57,4,0,0
BRDA:57,4,1,0
BRDA:57,5,0,0
BRDA:57,5,1,0
BRDA:63,6,0,0
BRDA:63,6,1,0
BRDA:63,7,0,0
BRDA:63,7,1,0
BRDA:69,8,0,0
BRDA:69,8,1,0
BRDA:69,9,0,0
BRDA:69,9,1,0
BRDA:86,10,0,0
BRDA:86,10,1,0
BRDA:86,11,0,0
BRDA:86,11,1,0
BRDA:86,11,2,0
BRDA:89,12,0,0
BRDA:89,12,1,0
BRDA:96,13,0,0
BRDA:96,13,1,0
BRDA:118,14,0,0
BRDA:118,14,1,0
BRDA:129,15,0,0
BRDA:129,15,1,0
BRDA:180,16,0,0
BRDA:180,16,1,0
BRDA:238,17,0,0
BRDA:238,17,1,0
BRDA:287,18,0,0
BRDA:287,18,1,0
BRDA:287,19,0,0
BRDA:287,19,1,0
BRDA:299,20,0,0
BRDA:299,20,1,0
BRDA:299,21,0,0
BRDA:299,21,1,0
BRDA:311,22,0,0
BRDA:311,22,1,0
BRDA:316,23,0,0
BRDA:316,23,1,0
BRDA:317,24,0,0
BRDA:317,24,1,0
BRDA:339,25,0,0
BRDA:339,25,1,0
BRDA:365,26,0,0
BRDA:365,26,1,0
BRDA:365,27,0,0
BRDA:365,27,1,0
BRDA:365,27,2,0
BRDA:378,28,0,0
BRDA:378,28,1,0
BRDA:378,29,0,0
BRDA:378,29,1,0
BRDA:384,30,0,0
BRDA:384,30,1,0
BRDA:391,31,0,0
BRDA:391,31,1,0
BRDA:404,32,0,0
BRDA:404,32,1,0
BRDA:404,33,0,0
BRDA:404,33,1,0
BRDA:404,33,2,0
BRDA:407,34,0,0
BRDA:407,34,1,0
BRDA:414,35,0,0
BRDA:414,35,1,0
BRDA:436,36,0,0
BRDA:436,36,1,0
BRDA:448,37,0,0
BRDA:448,37,1,0
BRDA:470,38,0,0
BRDA:470,38,1,0
BRDA:514,39,0,0
BRDA:514,39,1,0
BRDA:527,40,0,0
BRDA:527,40,1,0
BRDA:527,41,0,0
BRDA:527,41,1,0
BRDA:533,42,0,0
BRDA:533,42,1,0
BRDA:552,43,0,0
BRDA:552,43,1,0
BRDA:560,44,0,0
BRDA:560,44,1,0
BRDA:564,45,0,0
BRDA:564,45,1,0
BRDA:604,46,0,0
BRDA:604,46,1,0
BRF:101
BRH:0
end_of_record
TN:
SF:routes\rewards.js
FN:34,(anonymous_0)
FN:66,(anonymous_1)
FN:77,(anonymous_2)
FN:105,(anonymous_3)
FN:141,(anonymous_4)
FN:150,(anonymous_5)
FN:200,getKalePrice
FNF:7
FNH:0
FNDA:0,(anonymous_0)
FNDA:0,(anonymous_1)
FNDA:0,(anonymous_2)
FNDA:0,(anonymous_3)
FNDA:0,(anonymous_4)
FNDA:0,(anonymous_5)
FNDA:0,getKalePrice
DA:1,0
DA:2,0
DA:3,0
DA:4,0
DA:10,0
DA:13,0
DA:14,0
DA:15,0
DA:18,0
DA:19,0
DA:22,0
DA:23,0
DA:26,0
DA:27,0
DA:34,0
DA:35,0
DA:36,0
DA:38,0
DA:39,0
DA:43,0
DA:49,0
DA:50,0
DA:54,0
DA:60,0
DA:61,0
DA:62,0
DA:66,0
DA:67,0
DA:71,0
DA:77,0
DA:78,0
DA:82,0
DA:84,0
DA:95,0
DA:96,0
DA:105,0
DA:106,0
DA:107,0
DA:109,0
DA:110,0
DA:115,0
DA:118,0
DA:124,0
DA:125,0
DA:129,0
DA:135,0
DA:136,0
DA:137,0
DA:141,0
DA:142,0
DA:145,0
DA:146,0
DA:150,0
DA:151,0
DA:160,0
DA:161,0
DA:162,0
DA:166,0
DA:178,0
DA:179,0
DA:183,0
DA:191,0
DA:192,0
DA:203,0
DA:209,0
LF:65
LH:0
BRDA:18,0,0,0
BRDA:18,0,1,0
BRDA:22,1,0,0
BRDA:22,1,1,0
BRDA:38,2,0,0
BRDA:38,2,1,0
BRDA:49,3,0,0
BRDA:49,3,1,0
BRDA:49,4,0,0
BRDA:49,4,1,0
BRDA:60,5,0,0
BRDA:60,5,1,0
BRDA:77,6,0,0
BRDA:77,6,1,0
BRDA:109,7,0,0
BRDA:109,7,1,0
BRDA:124,8,0,0
BRDA:124,8,1,0
BRDA:124,9,0,0
BRDA:124,9,1,0
BRDA:135,10,0,0
BRDA:135,10,1,0
BRDA:145,11,0,0
BRDA:145,11,1,0
BRDA:160,12,0,0
BRDA:160,12,1,0
BRDA:178,13,0,0
BRDA:178,13,1,0
BRF:28
BRH:0
end_of_record
TN:
SF:routes\security.js
FN:12,(anonymous_0)
FN:55,(anonymous_1)
FN:75,(anonymous_2)
FN:76,(anonymous_3)
FN:77,(anonymous_4)
FN:106,(anonymous_5)
FN:120,(anonymous_6)
FN:121,(anonymous_7)
FN:183,(anonymous_8)
FN:219,generateSecurityRecommendations
FNF:10
FNH:0
FNDA:0,(anonymous_0)
FNDA:0,(anonymous_1)
FNDA:0,(anonymous_2)
FNDA:0,(anonymous_3)
FNDA:0,(anonymous_4)
FNDA:0,(anonymous_5)
FNDA:0,(anonymous_6)
FNDA:0,(anonymous_7)
FNDA:0,(anonymous_8)
FNDA:0,generateSecurityRecommendations
DA:5,0
DA:6,0
DA:7,0
DA:8,0
DA:9,0
DA:12,0
DA:15,0
DA:17,0
DA:18,0
DA:19,0
DA:27,0
DA:28,0
DA:29,0
DA:33,0
DA:34,0
DA:44,0
DA:56,0
DA:57,0
DA:59,0
DA:66,0
DA:68,0
DA:75,0
DA:76,0
DA:77,0
DA:83,0
DA:84,0
DA:91,0
DA:103,0
DA:107,0
DA:108,0
DA:111,0
DA:119,0
DA:120,0
DA:121,0
DA:123,0
DA:124,0
DA:125,0
DA:126,0
DA:127,0
DA:128,0
DA:131,0
DA:132,0
DA:135,0
DA:143,0
DA:150,0
DA:161,0
DA:162,0
DA:174,0
DA:184,0
DA:185,0
DA:189,0
DA:196,0
DA:207,0
DA:208,0
DA:220,0
DA:222,0
DA:223,0
DA:230,0
DA:231,0
DA:238,0
DA:239,0
DA:246,0
DA:247,0
DA:254,0
DA:257,0
LF:65
LH:0
BRDA:17,0,0,0
BRDA:17,0,1,0
BRDA:17,1,0,0
BRDA:17,1,1,0
BRDA:27,2,0,0
BRDA:27,2,1,0
BRDA:57,3,0,0
BRDA:57,3,1,0
BRDA:123,4,0,0
BRDA:123,4,1,0
BRDA:123,5,0,0
BRDA:123,5,1,0
BRDA:126,6,0,0
BRDA:126,6,1,0
BRDA:126,7,0,0
BRDA:126,7,1,0
BRDA:222,8,0,0
BRDA:222,8,1,0
BRDA:230,9,0,0
BRDA:230,9,1,0
BRDA:238,10,0,0
BRDA:238,10,1,0
BRDA:246,11,0,0
BRDA:246,11,1,0
BRF:24
BRH:0
end_of_record
TN:
SF:routes\snapshots.js
FN:16,(anonymous_0)
FN:43,(anonymous_1)
FN:93,(anonymous_2)
FNF:3
FNH:0
FNDA:0,(anonymous_0)
FNDA:0,(anonymous_1)
FNDA:0,(anonymous_2)
DA:1,0
DA:2,0
DA:3,0
DA:4,0
DA:7,0
DA:8,0
DA:9,0
DA:16,0
DA:17,0
DA:18,0
DA:20,0
DA:22,0
DA:29,0
DA:30,0
DA:43,0
DA:44,0
DA:45,0
DA:48,0
DA:57,0
DA:58,0
DA:59,0
DA:63,0
DA:67,0
DA:68,0
DA:71,0
DA:83,0
DA:84,0
DA:93,0
DA:94,0
DA:96,0
DA:103,0
DA:104,0
DA:105,0
DA:109,0
DA:110,0
DA:111,0
DA:112,0
DA:114,0
DA:120,0
DA:121,0
DA:125,0
LF:41
LH:0
BRDA:45,0,0,0
BRDA:45,1,0,0
BRDA:57,2,0,0
BRDA:57,2,1,0
BRDA:67,3,0,0
BRDA:67,3,1,0
BRDA:73,4,0,0
BRDA:73,4,1,0
BRDA:74,5,0,0
BRDA:74,5,1,0
BRDA:76,6,0,0
BRDA:76,6,1,0
BRDA:79,7,0,0
BRDA:79,7,1,0
BRDA:103,8,0,0
BRDA:103,8,1,0
BRDA:103,9,0,0
BRDA:103,9,1,0
BRDA:115,10,0,0
BRDA:115,10,1,0
BRF:20
BRH:0
end_of_record
TN:
SF:routes\staking.js
FN:35,(anonymous_0)
FN:76,(anonymous_1)
FN:150,(anonymous_2)
FN:182,(anonymous_3)
FN:218,calculateNextSnapshotDate
FNF:5
FNH:0
FNDA:0,(anonymous_0)
FNDA:0,(anonymous_1)
FNDA:0,(anonymous_2)
FNDA:0,(anonymous_3)
FNDA:0,calculateNextSnapshotDate
DA:1,1
DA:2,1
DA:3,1
DA:4,1
DA:10,1
DA:13,1
DA:14,1
DA:15,1
DA:18,1
DA:19,1
DA:22,1
DA:23,1
DA:24,1
DA:27,1
DA:28,1
DA:35,1
DA:36,0
DA:37,0
DA:39,0
DA:40,0
DA:44,0
DA:45,0
DA:47,0
DA:49,0
DA:50,0
DA:53,0
DA:54,0
DA:58,0
DA:60,0
DA:63,0
DA:64,0
DA:67,0
DA:76,1
DA:77,0
DA:78,0
DA:80,0
DA:81,0
DA:85,0
DA:86,0
DA:88,0
DA:89,0
DA:95,0
DA:96,0
DA:100,0
DA:106,0
DA:107,0
DA:111,0
DA:125,0
DA:126,0
DA:127,0
DA:130,0
DA:140,0
DA:141,0
DA:150,1
DA:151,0
DA:152,0
DA:154,0
DA:155,0
DA:159,0
DA:165,0
DA:166,0
DA:170,0
DA:176,0
DA:177,0
DA:178,0
DA:182,0
DA:183,0
DA:187,0
DA:196,0
DA:199,0
DA:201,0
DA:210,0
DA:211,0
DA:220,0
DA:221,0
DA:222,0
DA:223,0
DA:226,1
LF:78
LH:19
BRDA:18,0,0,1
BRDA:18,0,1,1
BRDA:22,1,0,1
BRDA:22,1,1,1
BRDA:39,2,0,0
BRDA:39,2,1,0
BRDA:50,3,0,0
BRDA:50,3,1,0
BRDA:50,4,0,0
BRDA:50,4,1,0
BRDA:50,4,2,0
BRDA:63,5,0,0
BRDA:63,5,1,0
BRDA:80,6,0,0
BRDA:80,6,1,0
BRDA:80,7,0,0
BRDA:80,7,1,0
BRDA:80,7,2,0
BRDA:88,8,0,0
BRDA:88,8,1,0
BRDA:106,9,0,0
BRDA:106,9,1,0
BRDA:106,10,0,0
BRDA:106,10,1,0
BRDA:125,11,0,0
BRDA:125,11,1,0
BRDA:154,12,0,0
BRDA:154,12,1,0
BRDA:165,13,0,0
BRDA:165,13,1,0
BRDA:165,14,0,0
BRDA:165,14,1,0
BRDA:176,15,0,0
BRDA:176,15,1,0
BRDA:196,16,0,0
BRDA:196,16,1,0
BRDA:202,17,0,0
BRDA:202,17,1,0
BRDA:205,18,0,0
BRDA:205,18,1,0
BRF:40
BRH:4
end_of_record
TN:
SF:services\snapshotService.js
FN:20,takeSnapshot
FN:61,(anonymous_1)
FN:126,calculateRewards
FNF:3
FNH:0
FNDA:0,takeSnapshot
FNDA:0,(anonymous_1)
FNDA:0,calculateRewards
DA:1,0
DA:2,0
DA:5,0
DA:6,0
DA:7,0
DA:10,0
DA:11,0
DA:14,0
DA:15,0
DA:21,0
DA:22,0
DA:25,0
DA:30,0
DA:31,0
DA:34,0
DA:37,0
DA:38,0
DA:39,0
DA:40,0
DA:42,0
DA:43,0
DA:50,0
DA:54,0
DA:55,0
DA:57,0
DA:58,0
DA:61,0
DA:62,0
DA:66,0
DA:67,0
DA:68,0
DA:69,0
DA:71,0
DA:72,0
DA:75,0
DA:76,0
DA:80,0
DA:82,0
DA:86,0
DA:95,0
DA:96,0
DA:100,0
DA:101,0
DA:104,0
DA:107,0
DA:109,0
DA:112,0
DA:118,0
DA:119,0
DA:127,0
DA:128,0
DA:131,0
DA:134,0
DA:137,0
DA:139,0
DA:141,0
DA:142,0
DA:145,0
DA:146,0
DA:157,0
DA:158,0
DA:162,0
DA:163,0
DA:166,0
DA:168,0
DA:171,0
DA:176,0
DA:177,0
DA:181,0
LF:69
LH:0
BRDA:10,0,0,0
BRDA:10,0,1,0
BRDA:14,1,0,0
BRDA:14,1,1,0
BRDA:30,2,0,0
BRDA:30,2,1,0
BRDA:42,3,0,0
BRDA:42,3,1,0
BRDA:72,4,0,0
BRDA:72,4,1,0
BRDA:72,5,0,0
BRDA:72,5,1,0
BRDA:72,5,2,0
BRDA:95,6,0,0
BRDA:95,6,1,0
BRDA:100,7,0,0
BRDA:100,7,1,0
BRDA:131,8,0,0
BRDA:131,8,1,0
BRDA:145,9,0,0
BRDA:145,9,1,0
BRDA:157,10,0,0
BRDA:157,10,1,0
BRDA:162,11,0,0
BRDA:162,11,1,0
BRF:25
BRH:0
end_of_record
